{
  "stats": {
    "suites": 1,
    "tests": 1,
    "passes": 1,
    "pending": 0,
    "failures": 0,
    "start": "2021-01-23T07:41:09.410Z",
    "end": "2021-01-23T07:41:24.884Z",
    "duration": 15474,
    "testsRegistered": 1,
    "passPercent": 100,
    "pendingPercent": 0,
    "other": 0,
    "hasOther": false,
    "skipped": 0,
    "hasSkipped": false
  },
  "results": [
    {
      "uuid": "50b3bedc-0e66-4190-a5fd-171f6b57ef4a",
      "title": "",
      "fullFile": "cypress/integration/printmymemory-register.spec.js",
      "file": "cypress/integration/printmymemory-register.spec.js",
      "beforeHooks": [],
      "afterHooks": [],
      "tests": [],
      "suites": [
        {
          "uuid": "5af7e17e-c5e5-42c8-bac7-ba134032fd3f",
          "title": "PrintMyMemory",
          "fullFile": "",
          "file": "",
          "beforeHooks": [],
          "afterHooks": [],
          "tests": [
            {
              "title": "Register",
              "fullTitle": "PrintMyMemory Register",
              "timedOut": null,
              "duration": 11788,
              "state": "passed",
              "speed": "slow",
              "pass": true,
              "fail": false,
              "pending": false,
              "context": null,
              "code": "// visits page\ncy.visit(\"https://printmymemory.com/register\"); // takes action like filling up the form\nvar firstName = faker.name.firstName();\nvar lastName = faker.name.lastName();\nvar email = faker.internet.email();\nvar number = faker.phone.phoneNumber();\ncy.get(\"input#usrFirstName\").type(firstName);\ncy.get(\"input#usrLastName\").type(lastName);\ncy.get(\"input#usrEmail\").type(email);\ncy.get(\"input#usrMobileNo\").type(number);\ncy.get(\"button#btnRegisterUser\").click(); // Assert - make an assertion\ncy.url().should('include', '/userWelcome');",
              "err": {},
              "uuid": "416af608-30a2-480b-a1c0-84767cf2e1b1",
              "parentUUID": "5af7e17e-c5e5-42c8-bac7-ba134032fd3f",
              "isHook": false,
              "skipped": false
            }
          ],
          "suites": [],
          "passes": [
            "416af608-30a2-480b-a1c0-84767cf2e1b1"
          ],
          "failures": [],
          "pending": [],
          "skipped": [],
          "duration": 11788,
          "root": false,
          "rootEmpty": false,
          "_timeout": 2000
        }
      ],
      "passes": [],
      "failures": [],
      "pending": [],
      "skipped": [],
      "duration": 0,
      "root": true,
      "rootEmpty": true,
      "_timeout": 2000
    }
  ],
  "meta": {
    "mocha": {
      "version": "7.0.1"
    },
    "mochawesome": {
      "options": {
        "quiet": false,
        "reportFilename": "mochawesome",
        "saveHtml": true,
        "saveJson": true,
        "consoleReporter": "spec",
        "useInlineDiffs": false,
        "code": true
      },
      "version": "6.2.1"
    },
    "marge": {
      "options": {
        "overwrite": false,
        "html": true,
        "json": true
      },
      "version": "5.1.0"
    }
  }
}